Warning: /home/scott/bin/structural_dynamics_model/prolog/domain_priors.pl:14:
Warning:    Local definition of domain_priors:emerges_naturally/1 overrides weak import from drl_core
[covering] Loading 742 testset files...
Warning: /home/scott/bin/structural_dynamics_model/prolog/testsets/26usc469_real_estate_exemption.pl:17:
Warning:    Local definition of domain_priors:base_extractiveness/2 overrides weak import from drl_core
Warning: /home/scott/bin/structural_dynamics_model/prolog/testsets/26usc469_real_estate_exemption.pl:17:
Warning:    Local definition of domain_priors:suppression_score/2 overrides weak import from drl_core
Warning: /home/scott/bin/structural_dynamics_model/prolog/testsets/26usc469_real_estate_exemption.pl:17:
Warning:    Local definition of domain_priors:requires_active_enforcement/1 overrides weak import from drl_core
ERROR: /home/scott/bin/structural_dynamics_model/prolog/testsets/8k_tv_limit_2026.pl:62:35: Syntax error: Operator expected
ERROR: /home/scott/bin/structural_dynamics_model/prolog/testsets/8k_tv_limit_2026.pl:66:33: Syntax error: Operator expected
ERROR: /home/scott/bin/structural_dynamics_model/prolog/testsets/8k_tv_limit_2026.pl:70:29: Syntax error: Operator expected
ERROR: /home/scott/bin/structural_dynamics_model/prolog/testsets/8k_tv_limit_2026.pl:73:38: Syntax error: Operator expected
ERROR: /home/scott/bin/structural_dynamics_model/prolog/testsets/8k_tv_limit_2026.pl:74:38: Syntax error: Operator expected
ERROR: /home/scott/bin/structural_dynamics_model/prolog/testsets/8k_tv_limit_2026.pl:75:38: Syntax error: Operator expected
ERROR: /home/scott/bin/structural_dynamics_model/prolog/testsets/8k_tv_limit_2026.pl:79:37: Syntax error: Operator expected
ERROR: /home/scott/bin/structural_dynamics_model/prolog/testsets/8k_tv_limit_2026.pl:82:43: Syntax error: Operator expected
ERROR: /home/scott/bin/structural_dynamics_model/prolog/testsets/8k_tv_limit_2026.pl:83:38: Syntax error: Operator expected
ERROR: /home/scott/bin/structural_dynamics_model/prolog/testsets/8k_tv_limit_2026.pl:94:47: Syntax error: Operator expected
ERROR: /home/scott/bin/structural_dynamics_model/prolog/testsets/8k_tv_limit_2026.pl:105:47: Syntax error: Operator expected
ERROR: /home/scott/bin/structural_dynamics_model/prolog/testsets/8k_tv_limit_2026.pl:117:47: Syntax error: Operator expected
ERROR: /home/scott/bin/structural_dynamics_model/prolog/testsets/8k_tv_limit_2026.pl:127:16: Syntax error: Operator expected
ERROR: /home/scott/bin/structural_dynamics_model/prolog/testsets/8k_tv_limit_2026.pl:131:50: Syntax error: Operator expected
ERROR: /home/scott/bin/structural_dynamics_model/prolog/testsets/8k_tv_limit_2026.pl:139:50: Syntax error: Operator expected
ERROR: /home/scott/bin/structural_dynamics_model/prolog/testsets/8k_tv_limit_2026.pl:143:38: Syntax error: Operator expected
ERROR: /home/scott/bin/structural_dynamics_model/prolog/testsets/8k_tv_limit_2026.pl:148:14: Syntax error: Operator expected
ERROR: /home/scott/bin/structural_dynamics_model/prolog/testsets/8k_tv_limit_2026.pl:201:29: Syntax error: Operator expected
ERROR: /home/scott/bin/structural_dynamics_model/prolog/testsets/8k_tv_limit_2026.pl:208:42: Syntax error: Operator expected
ERROR: /home/scott/bin/structural_dynamics_model/prolog/testsets/8k_tv_limit_2026.pl:209:42: Syntax error: Operator expected
ERROR: /home/scott/bin/structural_dynamics_model/prolog/testsets/8k_tv_limit_2026.pl:210:43: Syntax error: Operator expected
ERROR: /home/scott/bin/structural_dynamics_model/prolog/testsets/8k_tv_limit_2026.pl:214:42: Syntax error: Operator expected
ERROR: /home/scott/bin/structural_dynamics_model/prolog/testsets/8k_tv_limit_2026.pl:215:42: Syntax error: Operator expected
ERROR: /home/scott/bin/structural_dynamics_model/prolog/testsets/8k_tv_limit_2026.pl:216:43: Syntax error: Operator expected
Warning: /home/scott/bin/structural_dynamics_model/prolog/testsets/academic_fashion_modernism_2026.pl:121:
Warning:    Singleton variables: [TR]
Warning: /home/scott/bin/structural_dynamics_model/prolog/testsets/academic_fashion_modernism_2026.pl:125:
Warning:    Singleton variables: [TR]
ERROR: /home/scott/bin/structural_dynamics_model/prolog/testsets/academic_fashion_modernism_2026.pl:125:
ERROR:    No permission to modify static procedure `(>)/2'
ERROR: /home/scott/bin/structural_dynamics_model/prolog/testsets/ai_scholar_citation_trap.pl:155:31: Syntax error: Operator expected
Warning: /home/scott/bin/structural_dynamics_model/prolog/testsets/biological_curiosity.pl:211:
Warning:    Singleton variables: [Type4]
ERROR: /home/scott/bin/structural_dynamics_model/prolog/testsets/cmr_001.pl:146:46: Syntax error: Operator expected
ERROR: /home/scott/bin/structural_dynamics_model/prolog/testsets/cmr_001.pl:147:78: Syntax error: End of file in quoted atom
Warning: /home/scott/bin/structural_dynamics_model/prolog/testsets/copyleft_viral_licensing.pl:209:
Warning:    Singleton variables: [Type4]
Warning: /home/scott/bin/structural_dynamics_model/prolog/testsets/cultural_refragmentation_2026.pl:123:
Warning:    Singleton variables: [TR]
Warning: /home/scott/bin/structural_dynamics_model/prolog/testsets/cultural_refragmentation_2026.pl:126:
Warning:    Singleton variables: [TR]
ERROR: /home/scott/bin/structural_dynamics_model/prolog/testsets/cultural_refragmentation_2026.pl:126:
ERROR:    No permission to modify static procedure `(>=)/2'
Warning: /home/scott/bin/structural_dynamics_model/prolog/testsets/currys_paradox.pl:190:
Warning:    Singleton variables: [ContextPowerless,ContextPowerful]
Warning: /home/scott/bin/structural_dynamics_model/prolog/testsets/epstein_files_2026.pl:119:
Warning:    Singleton variables: [TR]
Warning: /home/scott/bin/structural_dynamics_model/prolog/testsets/epstein_files_2026.pl:122:
Warning:    Singleton variables: [TR]
ERROR: /home/scott/bin/structural_dynamics_model/prolog/testsets/epstein_files_2026.pl:122:
ERROR:    No permission to modify static procedure `(>=)/2'
Warning: /home/scott/bin/structural_dynamics_model/prolog/testsets/global_economic_anxiety_2026.pl:121:
Warning:    Singleton variables: [TR]
Warning: /home/scott/bin/structural_dynamics_model/prolog/testsets/global_economic_anxiety_2026.pl:124:
Warning:    Singleton variables: [TR]
ERROR: /home/scott/bin/structural_dynamics_model/prolog/testsets/global_economic_anxiety_2026.pl:124:
ERROR:    No permission to modify static procedure `(>)/2'
Warning: /home/scott/bin/structural_dynamics_model/prolog/testsets/kirby_paris_theorem.pl:185:
Warning:    Singleton variables: [ContextPowerless,ContextPowerful]
Warning: /home/scott/bin/structural_dynamics_model/prolog/testsets/lindy_effect.pl:206:
Warning:    Singleton variables: [Type4]
Warning: /home/scott/bin/structural_dynamics_model/prolog/testsets/lowenheim_skolem_theorem.pl:181:
Warning:    Singleton variables: [ContextPowerless,ContextInstitutional]
ERROR: /home/scott/bin/structural_dynamics_model/prolog/testsets/medical_residency_match.pl:179:24: Syntax error: Operator expected
ERROR: /home/scott/bin/structural_dynamics_model/prolog/testsets/medical_residency_match.pl:180:78: Syntax error: Operator expected
ERROR: /home/scott/bin/structural_dynamics_model/prolog/testsets/medical_residency_match.pl:181:48: Syntax error: End of file in quoted atom
ERROR: /home/scott/bin/structural_dynamics_model/prolog/testsets/meta_nda.pl:153:28: Syntax error: Operator expected
ERROR: /home/scott/bin/structural_dynamics_model/prolog/testsets/mil_std_461g_emi_control.pl:169:37: Syntax error: Operator expected
ERROR: /home/scott/bin/structural_dynamics_model/prolog/testsets/mil_std_461g_emi_control.pl:170:113: Syntax error: Operator expected
ERROR: /home/scott/bin/structural_dynamics_model/prolog/testsets/mil_std_461g_emi_control.pl:171:99: Syntax error: Operator expected
Warning: /home/scott/bin/structural_dynamics_model/prolog/testsets/moltbook_breach_2026.pl:121:
Warning:    Singleton variables: [TR]
Warning: /home/scott/bin/structural_dynamics_model/prolog/testsets/moltbook_breach_2026.pl:124:
Warning:    Singleton variables: [TR]
ERROR: /home/scott/bin/structural_dynamics_model/prolog/testsets/moltbook_breach_2026.pl:124:
ERROR:    No permission to modify static procedure `(>=)/2'
Warning: /home/scott/bin/structural_dynamics_model/prolog/testsets/no_cloning_theorem.pl:187:
Warning:    Singleton variables: [ContextPowerless,ContextPowerful]
ERROR: /home/scott/bin/structural_dynamics_model/prolog/testsets/perseverance_ai_drive.pl:145:29: Syntax error: Operator expected
ERROR: /home/scott/bin/structural_dynamics_model/prolog/testsets/perseverance_ai_drive.pl:147:34: Syntax error: End of file in quoted atom
Warning: /home/scott/bin/structural_dynamics_model/prolog/testsets/sadhu_integrity_protocol.pl:193:
Warning:    Singleton variables: [Type1,Type2]
Warning: /home/scott/bin/structural_dynamics_model/prolog/testsets/somatic_focusing_awareness.pl:159:
Warning:    Singleton variables: [Type3]
Warning: /home/scott/bin/structural_dynamics_model/prolog/testsets/van_der_waerden_theorem.pl:191:
Warning:    Singleton variables: [ContextPowerless,ContextPowerful]
Warning: /home/scott/bin/structural_dynamics_model/prolog/testsets/winners_curse.pl:123:
Warning:    Singleton variables: [E]
[covering] Loaded 742 testsets successfully.
[phase1] Computing grid signatures for 469 constraints...
[phase1] 100/469 signatures computed
[phase1] 200/469 signatures computed
[phase1] 300/469 signatures computed
[phase1] 400/469 signatures computed
[phase1] Computing 66 pairwise agreement rates...
[phase1] Computing minimum discriminating subset...
[phase1] 98004 distinct constraint pairs to cover
[phase1]   Added cell(analytical,local) (83739 pairs covered, 14265 remaining)
[phase1]   Added cell(powerless,national) (9237 pairs covered, 5028 remaining)
[phase1]   Added cell(moderate,national) (2621 pairs covered, 2407 remaining)
[phase1]   Added cell(powerless,global) (716 pairs covered, 1691 remaining)
[phase1]   Added cell(powerless,local) (496 pairs covered, 1195 remaining)
[phase1]   Added cell(institutional,local) (414 pairs covered, 781 remaining)
[phase1]   Added cell(moderate,local) (324 pairs covered, 457 remaining)
[phase1]   Added cell(moderate,global) (255 pairs covered, 202 remaining)
[phase1]   Added cell(analytical,national) (202 pairs covered, 0 remaining)
[phase1] Computing 66 pairwise agreement rates...
[phase2] Scanning 469 constraints for missed transitions...
[phase2] Found 3487 power-axis + 744 scope-axis missed transitions
Welcome to SWI-Prolog (threaded, 64 bits, version 9.2.9)
SWI-Prolog comes with ABSOLUTELY NO WARRANTY. This is free software.
Please run ?- license. for legal details.

For online help and background, visit https://www.swi-prolog.org
For built-in help, use ?- help(Topic). or ?- apropos(Word).

