2026-02-11 21:47:39,259 INFO     Log file: /home/scott/bin/structural_dynamics_model/outputs/regen_20260211_214739.log
2026-02-11 21:47:39,260 INFO     Source: lint_errors.txt (129 files)
2026-02-11 21:47:39,274 INFO       [skip] availability_heuristic — already passes lint in testsets
2026-02-11 21:47:39,279 INFO       [skip] axiom_reasoner_2026 — already passes lint in testsets
2026-02-11 21:47:39,282 INFO       [skip] banach_tarski_paradox — already passes lint in testsets
2026-02-11 21:47:39,285 INFO       [skip] base_pair_complementarity — already passes lint in testsets
2026-02-11 21:47:39,288 INFO       [skip] basel_problem_convergence — already passes lint in testsets
2026-02-11 21:47:39,297 INFO       [skip] boltzmann_universality_2026 — already passes lint in testsets
2026-02-11 21:47:39,302 INFO       [skip] brouwer_fixed_point — already passes lint in testsets
2026-02-11 21:47:39,305 INFO       [skip] buffons_needle_pi_estimation — already passes lint in testsets
2026-02-11 21:47:39,308 INFO       [skip] burali_forte_paradox — already passes lint in testsets
2026-02-11 21:47:39,328 INFO       [skip] chaitins_omega_undecidability — already passes lint in testsets
2026-02-11 21:47:39,331 INFO       [skip] church_turing_thesis — already passes lint in testsets
2026-02-11 21:47:39,333 INFO       [skip] cinderella_midnight_deadline — already passes lint in testsets
2026-02-11 21:47:39,340 INFO       [skip] collatz_conjecture_determinism — already passes lint in testsets
2026-02-11 21:47:39,344 INFO       [skip] continuum_hypothesis_undecidability — already passes lint in testsets
2026-02-11 21:47:39,349 INFO       [skip] cost_of_observation — already passes lint in testsets
2026-02-11 21:47:39,352 INFO       [skip] countable_infinity_cardinality — already passes lint in testsets
2026-02-11 21:47:39,355 INFO       [skip] cow_field_poop — already passes lint in testsets
2026-02-11 21:47:39,367 INFO       [skip] elencher_identity_transformation — already passes lint in testsets
2026-02-11 21:47:39,376 INFO       [skip] euler_characteristic_topology — already passes lint in testsets
2026-02-11 21:47:39,394 INFO       [skip] fundamental_theorem_of_algebra — already passes lint in testsets
2026-02-11 21:47:39,397 INFO       [skip] galois_theory_symmetry — already passes lint in testsets
2026-02-11 21:47:39,400 INFO       [skip] godels_incompleteness_theorems — already passes lint in testsets
2026-02-11 21:47:39,403 INFO       [skip] goldbach_conjecture — already passes lint in testsets
2026-02-11 21:47:39,408 INFO       [skip] halting_problem_undecidability — already passes lint in testsets
2026-02-11 21:47:39,414 INFO       [skip] heisenberg_uncertainty — already passes lint in testsets
2026-02-11 21:47:39,417 INFO       [skip] hilberts_hotel_infinity — already passes lint in testsets
2026-02-11 21:47:39,423 INFO       [skip] hydra_game — already passes lint in testsets
2026-02-11 21:47:39,425 INFO       [skip] informational_time_2026 — already passes lint in testsets
2026-02-11 21:47:39,430 INFO       [skip] iran_war_room_2026 — already passes lint in testsets
2026-02-11 21:47:39,433 INFO       [skip] kirby_paris_theorem — already passes lint in testsets
2026-02-11 21:47:39,439 INFO       [skip] kleene_recursion_theorem — already passes lint in testsets
2026-02-11 21:47:39,447 INFO       [skip] liar_paradox — already passes lint in testsets
2026-02-11 21:47:39,451 INFO       [skip] lindy_effect — already passes lint in testsets
2026-02-11 21:47:39,454 INFO       [skip] litany_of_the_real — already passes lint in testsets
2026-02-11 21:47:39,463 INFO       [skip] local_vs_global_optima — already passes lint in testsets
2026-02-11 21:47:39,472 INFO       [skip] lowenheim_skolem_theorem — already passes lint in testsets
2026-02-11 21:47:39,475 INFO       [skip] marriage_problem — already passes lint in testsets
2026-02-11 21:47:39,478 INFO       [skip] martian_signal_latency — already passes lint in testsets
2026-02-11 21:47:39,492 INFO       [skip] no_cloning_theorem — already passes lint in testsets
2026-02-11 21:47:39,495 INFO       [skip] noethers_theorem_symmetry — already passes lint in testsets
2026-02-11 21:47:39,512 INFO       [skip] pareto_principle — already passes lint in testsets
2026-02-11 21:47:39,518 INFO       [skip] poincare_conjucture — already passes lint in testsets
2026-02-11 21:47:39,524 INFO       [skip] prime_number_theorem — already passes lint in testsets
2026-02-11 21:47:39,530 INFO       [skip] pythagorean_theorem_geometric_constancy — already passes lint in testsets
2026-02-11 21:47:39,533 INFO       [skip] quantam_decryption_risk_2026 — already passes lint in testsets
2026-02-11 21:47:39,539 INFO       [skip] quine_self_replication — already passes lint in testsets
2026-02-11 21:47:39,542 INFO       [skip] reciprocity_laws_math — already passes lint in testsets
2026-02-11 21:47:39,551 INFO       [skip] rices_theorem_undecidability — already passes lint in testsets
2026-02-11 21:47:39,552 INFO       [skip] rogue_wave_control_2026 — already passes lint in testsets
2026-02-11 21:47:39,555 INFO       [skip] rotation_seven_black_soil — already passes lint in testsets
2026-02-11 21:47:39,572 INFO       [skip] social_narrative_casting — already passes lint in testsets
2026-02-11 21:47:39,589 INFO       [skip] sturgeons_law — already passes lint in testsets
2026-02-11 21:47:39,592 INFO       [skip] suslin_hypothesis_undecidability — already passes lint in testsets
2026-02-11 21:47:39,595 INFO       [skip] sylow_theorems_group_theory — already passes lint in testsets
2026-02-11 21:47:39,598 INFO       [skip] tarski_undefinability — already passes lint in testsets
2026-02-11 21:47:39,609 INFO       [skip] universal_mathematics_communication — already passes lint in testsets
2026-02-11 21:47:39,612 INFO       [skip] van_der_waerden_theorem — already passes lint in testsets
2026-02-11 21:47:39,622 INFO       [skip] whitehead_problem_undecidability — already passes lint in testsets
2026-02-11 21:47:39,628 INFO     Resume filter: 129 → 71 files
